<?xml version="1.0" encoding="UTF-8"?>
<!-- Generated by org.testng.reporters.JUnitXMLReporter -->
<testsuite ignored="0" hostname="LIN51017545" failures="0" tests="5" name="Test" time="47.719" errors="0" timestamp="2024-05-27T16:22:57 IST">
  <testcase classname="tests.LoginTest" name="login" time="2.04"/>
  <testcase classname="tests.LoginTest" name="login" time="11.666"/>
  <testcase classname="tests.TwoTest" name="testTwo" time="7.182"/>
  <testcase classname="tests.ThreeTest" name="testThree" time="7.474"/>
  <testcase classname="tests.FourTest" name="testFour" time="7.096"/>
</testsuite> <!-- Test -->
